<?xml version="1.0" encoding="UTF-8"?>
<testsuite xmlns:xsi="http://www.w3.org/2001/XMLSchema-instance" xsi:noNamespaceSchemaLocation="https://maven.apache.org/surefire/maven-surefire-plugin/xsd/surefire-test-report.xsd" name="com.twing.app.AppTest" time="0.172" tests="1" errors="0" skipped="0" failures="0">
  <properties>
    <property name="sun.desktop" value="windows"/>
    <property name="awt.toolkit" value="sun.awt.windows.WToolkit"/>
    <property name="file.encoding.pkg" value="sun.io"/>
    <property name="java.specification.version" value="1.8"/>
    <property name="sun.cpu.isalist" value="amd64"/>
    <property name="sun.jnu.encoding" value="Cp1252"/>
    <property name="java.class.path" value="C:\Users\Tian\Desktop\School\ATLAS INFO\Twingua-master\Twingua\HBase-Uploader\target\test-classes;C:\Users\Tian\Desktop\School\ATLAS INFO\Twingua-master\Twingua\HBase-Uploader\target\classes;C:\Users\Tian\.m2\repository\commons-cli\commons-cli\1.2\commons-cli-1.2.jar;C:\Users\Tian\.m2\repository\org\apache\hbase\hbase-shaded-client\1.3.2\hbase-shaded-client-1.3.2.jar;C:\Users\Tian\.m2\repository\org\apache\htrace\htrace-core\3.1.0-incubating\htrace-core-3.1.0-incubating.jar;C:\Users\Tian\.m2\repository\com\github\stephenc\findbugs\findbugs-annotations\1.3.9-1\findbugs-annotations-1.3.9-1.jar;C:\Users\Tian\.m2\repository\commons-codec\commons-codec\1.4\commons-codec-1.4.jar;C:\Users\Tian\.m2\repository\ch\hsr\geohash\1.3.0\geohash-1.3.0.jar;C:\Users\Tian\.m2\repository\commons-configuration\commons-configuration\1.6\commons-configuration-1.6.jar;C:\Users\Tian\.m2\repository\commons-collections\commons-collections\3.2.1\commons-collections-3.2.1.jar;C:\Users\Tian\.m2\repository\commons-digester\commons-digester\1.8\commons-digester-1.8.jar;C:\Users\Tian\.m2\repository\commons-beanutils\commons-beanutils\1.7.0\commons-beanutils-1.7.0.jar;C:\Users\Tian\.m2\repository\commons-beanutils\commons-beanutils-core\1.8.0\commons-beanutils-core-1.8.0.jar;C:\Users\Tian\.m2\repository\commons-el\commons-el\1.0\commons-el-1.0.jar;C:\Users\Tian\.m2\repository\commons-io\commons-io\2.1\commons-io-2.1.jar;C:\Users\Tian\.m2\repository\commons-lang\commons-lang\2.5\commons-lang-2.5.jar;C:\Users\Tian\.m2\repository\commons-logging\commons-logging\1.1.1\commons-logging-1.1.1.jar;C:\Users\Tian\.m2\repository\commons-net\commons-net\1.4.1\commons-net-1.4.1.jar;C:\Users\Tian\.m2\repository\oro\oro\2.0.8\oro-2.0.8.jar;C:\Users\Tian\.m2\repository\org\apache\hadoop\hadoop-hdfs\2.7.1\hadoop-hdfs-2.7.1.jar;C:\Users\Tian\.m2\repository\org\mortbay\jetty\jetty\6.1.26\jetty-6.1.26.jar;C:\Users\Tian\.m2\repository\org\mortbay\jetty\jetty-util\6.1.26\jetty-util-6.1.26.jar;C:\Users\Tian\.m2\repository\com\sun\jersey\jersey-core\1.9\jersey-core-1.9.jar;C:\Users\Tian\.m2\repository\com\sun\jersey\jersey-server\1.9\jersey-server-1.9.jar;C:\Users\Tian\.m2\repository\asm\asm\3.1\asm-3.1.jar;C:\Users\Tian\.m2\repository\commons-daemon\commons-daemon\1.0.13\commons-daemon-1.0.13.jar;C:\Users\Tian\.m2\repository\javax\servlet\servlet-api\2.5\servlet-api-2.5.jar;C:\Users\Tian\.m2\repository\org\codehaus\jackson\jackson-core-asl\1.9.13\jackson-core-asl-1.9.13.jar;C:\Users\Tian\.m2\repository\org\codehaus\jackson\jackson-mapper-asl\1.9.13\jackson-mapper-asl-1.9.13.jar;C:\Users\Tian\.m2\repository\xmlenc\xmlenc\0.52\xmlenc-0.52.jar;C:\Users\Tian\.m2\repository\io\netty\netty-all\4.0.23.Final\netty-all-4.0.23.Final.jar;C:\Users\Tian\.m2\repository\xerces\xercesImpl\2.9.1\xercesImpl-2.9.1.jar;C:\Users\Tian\.m2\repository\xml-apis\xml-apis\1.3.04\xml-apis-1.3.04.jar;C:\Users\Tian\.m2\repository\org\fusesource\leveldbjni\leveldbjni-all\1.8\leveldbjni-all-1.8.jar;C:\Users\Tian\.m2\repository\org\apache\hadoop\hadoop-common\2.7.1\hadoop-common-2.7.1.jar;C:\Users\Tian\.m2\repository\org\apache\hadoop\hadoop-annotations\2.7.1\hadoop-annotations-2.7.1.jar;C:\Program Files\Java\jdk1.8.0_201\jre\..\lib\tools.jar;C:\Users\Tian\.m2\repository\org\apache\commons\commons-math3\3.1.1\commons-math3-3.1.1.jar;C:\Users\Tian\.m2\repository\commons-httpclient\commons-httpclient\3.1\commons-httpclient-3.1.jar;C:\Users\Tian\.m2\repository\javax\servlet\jsp\jsp-api\2.1\jsp-api-2.1.jar;C:\Users\Tian\.m2\repository\com\sun\jersey\jersey-json\1.9\jersey-json-1.9.jar;C:\Users\Tian\.m2\repository\org\codehaus\jettison\jettison\1.1\jettison-1.1.jar;C:\Users\Tian\.m2\repository\com\sun\xml\bind\jaxb-impl\2.2.3-1\jaxb-impl-2.2.3-1.jar;C:\Users\Tian\.m2\repository\org\codehaus\jackson\jackson-xc\1.8.3\jackson-xc-1.8.3.jar;C:\Users\Tian\.m2\repository\net\java\dev\jets3t\jets3t\0.9.0\jets3t-0.9.0.jar;C:\Users\Tian\.m2\repository\org\apache\httpcomponents\httpclient\4.1.2\httpclient-4.1.2.jar;C:\Users\Tian\.m2\repository\org\apache\httpcomponents\httpcore\4.1.2\httpcore-4.1.2.jar;C:\Users\Tian\.m2\repository\com\jamesmurty\utils\java-xmlbuilder\0.4\java-xmlbuilder-0.4.jar;C:\Users\Tian\.m2\repository\org\apache\avro\avro\1.7.4\avro-1.7.4.jar;C:\Users\Tian\.m2\repository\com\thoughtworks\paranamer\paranamer\2.3\paranamer-2.3.jar;C:\Users\Tian\.m2\repository\org\xerial\snappy\snappy-java\1.0.4.1\snappy-java-1.0.4.1.jar;C:\Users\Tian\.m2\repository\org\apache\hadoop\hadoop-auth\2.7.1\hadoop-auth-2.7.1.jar;C:\Users\Tian\.m2\repository\org\apache\directory\server\apacheds-kerberos-codec\2.0.0-M15\apacheds-kerberos-codec-2.0.0-M15.jar;C:\Users\Tian\.m2\repository\org\apache\directory\server\apacheds-i18n\2.0.0-M15\apacheds-i18n-2.0.0-M15.jar;C:\Users\Tian\.m2\repository\org\apache\directory\api\api-asn1-api\1.0.0-M20\api-asn1-api-1.0.0-M20.jar;C:\Users\Tian\.m2\repository\org\apache\directory\api\api-util\1.0.0-M20\api-util-1.0.0-M20.jar;C:\Users\Tian\.m2\repository\org\apache\curator\curator-framework\2.7.1\curator-framework-2.7.1.jar;C:\Users\Tian\.m2\repository\com\jcraft\jsch\0.1.42\jsch-0.1.42.jar;C:\Users\Tian\.m2\repository\org\apache\curator\curator-client\2.7.1\curator-client-2.7.1.jar;C:\Users\Tian\.m2\repository\org\apache\curator\curator-recipes\2.7.1\curator-recipes-2.7.1.jar;C:\Users\Tian\.m2\repository\com\google\code\findbugs\jsr305\3.0.0\jsr305-3.0.0.jar;C:\Users\Tian\.m2\repository\org\apache\commons\commons-compress\1.4.1\commons-compress-1.4.1.jar;C:\Users\Tian\.m2\repository\org\tukaani\xz\1.0\xz-1.0.jar;C:\Users\Tian\.m2\repository\org\apache\hadoop\hadoop-core\1.2.1\hadoop-core-1.2.1.jar;C:\Users\Tian\.m2\repository\org\apache\commons\commons-math\2.1\commons-math-2.1.jar;C:\Users\Tian\.m2\repository\tomcat\jasper-runtime\5.5.12\jasper-runtime-5.5.12.jar;C:\Users\Tian\.m2\repository\tomcat\jasper-compiler\5.5.12\jasper-compiler-5.5.12.jar;C:\Users\Tian\.m2\repository\org\mortbay\jetty\jsp-api-2.1\6.1.14\jsp-api-2.1-6.1.14.jar;C:\Users\Tian\.m2\repository\org\mortbay\jetty\jsp-2.1\6.1.14\jsp-2.1-6.1.14.jar;C:\Users\Tian\.m2\repository\ant\ant\1.6.5\ant-1.6.5.jar;C:\Users\Tian\.m2\repository\hsqldb\hsqldb\1.8.0.10\hsqldb-1.8.0.10.jar;C:\Users\Tian\.m2\repository\org\eclipse\jdt\core\3.1.1\core-3.1.1.jar;C:\Users\Tian\.m2\repository\org\apache\hadoop\hadoop-client\3.2.0\hadoop-client-3.2.0.jar;C:\Users\Tian\.m2\repository\org\apache\hadoop\hadoop-hdfs-client\3.2.0\hadoop-hdfs-client-3.2.0.jar;C:\Users\Tian\.m2\repository\com\squareup\okhttp\okhttp\2.7.5\okhttp-2.7.5.jar;C:\Users\Tian\.m2\repository\com\squareup\okio\okio\1.6.0\okio-1.6.0.jar;C:\Users\Tian\.m2\repository\org\apache\hadoop\hadoop-yarn-api\3.2.0\hadoop-yarn-api-3.2.0.jar;C:\Users\Tian\.m2\repository\javax\xml\bind\jaxb-api\2.2.11\jaxb-api-2.2.11.jar;C:\Users\Tian\.m2\repository\org\apache\hadoop\hadoop-yarn-client\3.2.0\hadoop-yarn-client-3.2.0.jar;C:\Users\Tian\.m2\repository\org\apache\hadoop\hadoop-mapreduce-client-core\3.2.0\hadoop-mapreduce-client-core-3.2.0.jar;C:\Users\Tian\.m2\repository\org\apache\hadoop\hadoop-yarn-common\3.2.0\hadoop-yarn-common-3.2.0.jar;C:\Users\Tian\.m2\repository\javax\servlet\javax.servlet-api\3.1.0\javax.servlet-api-3.1.0.jar;C:\Users\Tian\.m2\repository\org\eclipse\jetty\jetty-util\9.3.24.v20180605\jetty-util-9.3.24.v20180605.jar;C:\Users\Tian\.m2\repository\com\sun\jersey\jersey-client\1.19\jersey-client-1.19.jar;C:\Users\Tian\.m2\repository\com\fasterxml\jackson\module\jackson-module-jaxb-annotations\2.9.5\jackson-module-jaxb-annotations-2.9.5.jar;C:\Users\Tian\.m2\repository\com\fasterxml\jackson\jaxrs\jackson-jaxrs-json-provider\2.9.5\jackson-jaxrs-json-provider-2.9.5.jar;C:\Users\Tian\.m2\repository\com\fasterxml\jackson\jaxrs\jackson-jaxrs-base\2.9.5\jackson-jaxrs-base-2.9.5.jar;C:\Users\Tian\.m2\repository\org\apache\hadoop\hadoop-mapreduce-client-jobclient\3.2.0\hadoop-mapreduce-client-jobclient-3.2.0.jar;C:\Users\Tian\.m2\repository\org\apache\hadoop\hadoop-mapreduce-client-common\3.2.0\hadoop-mapreduce-client-common-3.2.0.jar;C:\Users\Tian\.m2\repository\log4j\log4j\1.2.16\log4j-1.2.16.jar;C:\Users\Tian\.m2\repository\org\apache\poi\poi\3.9\poi-3.9.jar;C:\Users\Tian\.m2\repository\com\google\protobuf\protobuf-java\2.4.0a\protobuf-java-2.4.0a.jar;C:\Users\Tian\.m2\repository\org\slf4j\slf4j-api\1.6.1\slf4j-api-1.6.1.jar;C:\Users\Tian\.m2\repository\org\slf4j\slf4j-log4j12\1.6.1\slf4j-log4j12-1.6.1.jar;C:\Users\Tian\.m2\repository\org\apache\zookeeper\zookeeper\3.3.3\zookeeper-3.3.3.jar;C:\Users\Tian\.m2\repository\jline\jline\0.9.94\jline-0.9.94.jar;C:\Users\Tian\.m2\repository\com\google\guava\guava\r05\guava-r05.jar;C:\Users\Tian\.m2\repository\junit\junit\4.12\junit-4.12.jar;C:\Users\Tian\.m2\repository\org\hamcrest\hamcrest-core\1.3\hamcrest-core-1.3.jar;C:\Users\Tian\.m2\repository\org\apache\hbase\hbase-client\1.3.2\hbase-client-1.3.2.jar;C:\Users\Tian\.m2\repository\org\apache\hbase\hbase-annotations\1.3.2\hbase-annotations-1.3.2.jar;C:\Users\Tian\.m2\repository\org\jruby\jcodings\jcodings\1.0.8\jcodings-1.0.8.jar;C:\Users\Tian\.m2\repository\org\jruby\joni\joni\2.1.2\joni-2.1.2.jar;C:\Users\Tian\.m2\repository\com\yammer\metrics\metrics-core\2.2.0\metrics-core-2.2.0.jar;C:\Users\Tian\.m2\repository\org\apache\hbase\hbase-server\1.3.2\hbase-server-1.3.2.jar;C:\Users\Tian\.m2\repository\org\apache\hbase\hbase-procedure\1.3.2\hbase-procedure-1.3.2.jar;C:\Users\Tian\.m2\repository\org\apache\hbase\hbase-common\1.3.2\hbase-common-1.3.2-tests.jar;C:\Users\Tian\.m2\repository\org\apache\hbase\hbase-prefix-tree\1.3.2\hbase-prefix-tree-1.3.2.jar;C:\Users\Tian\.m2\repository\org\mortbay\jetty\jetty-sslengine\6.1.26\jetty-sslengine-6.1.26.jar;C:\Users\Tian\.m2\repository\org\mortbay\jetty\servlet-api-2.5\6.1.14\servlet-api-2.5-6.1.14.jar;C:\Users\Tian\.m2\repository\org\codehaus\jackson\jackson-jaxrs\1.9.13\jackson-jaxrs-1.9.13.jar;C:\Users\Tian\.m2\repository\org\jamon\jamon-runtime\2.4.1\jamon-runtime-2.4.1.jar;C:\Users\Tian\.m2\repository\com\lmax\disruptor\3.3.0\disruptor-3.3.0.jar;C:\Users\Tian\.m2\repository\org\apache\hbase\hbase-hadoop-compat\1.3.2\hbase-hadoop-compat-1.3.2.jar;C:\Users\Tian\.m2\repository\org\apache\hbase\hbase-protocol\1.3.2\hbase-protocol-1.3.2.jar;C:\Users\Tian\.m2\repository\org\apache\hbase\hbase-hadoop2-compat\1.3.2\hbase-hadoop2-compat-1.3.2.jar;C:\Users\Tian\.m2\repository\org\apache\hbase\hbase-common\1.3.2\hbase-common-1.3.2.jar;C:\Users\Tian\.m2\repository\org\apache\hbase\hbase-mapreduce\2.1.4\hbase-mapreduce-2.1.4.jar;C:\Users\Tian\.m2\repository\org\apache\hbase\thirdparty\hbase-shaded-miscellaneous\2.1.0\hbase-shaded-miscellaneous-2.1.0.jar;C:\Users\Tian\.m2\repository\org\apache\hbase\thirdparty\hbase-shaded-netty\2.1.0\hbase-shaded-netty-2.1.0.jar;C:\Users\Tian\.m2\repository\org\apache\hbase\thirdparty\hbase-shaded-protobuf\2.1.0\hbase-shaded-protobuf-2.1.0.jar;C:\Users\Tian\.m2\repository\org\apache\hbase\hbase-zookeeper\2.1.4\hbase-zookeeper-2.1.4.jar;C:\Users\Tian\.m2\repository\org\apache\hbase\hbase-protocol-shaded\2.1.4\hbase-protocol-shaded-2.1.4.jar;C:\Users\Tian\.m2\repository\org\apache\hbase\hbase-metrics\2.1.4\hbase-metrics-2.1.4.jar;C:\Users\Tian\.m2\repository\org\apache\hbase\hbase-metrics-api\2.1.4\hbase-metrics-api-2.1.4.jar;C:\Users\Tian\.m2\repository\io\dropwizard\metrics\metrics-core\3.2.1\metrics-core-3.2.1.jar;C:\Users\Tian\.m2\repository\org\apache\htrace\htrace-core4\4.2.0-incubating\htrace-core4-4.2.0-incubating.jar;C:\Users\Tian\.m2\repository\org\apache\hbase\hbase-replication\2.1.4\hbase-replication-2.1.4.jar;C:\Users\Tian\.m2\repository\org\apache\commons\commons-lang3\3.6\commons-lang3-3.6.jar;C:\Users\Tian\.m2\repository\com\fasterxml\jackson\core\jackson-databind\2.9.2\jackson-databind-2.9.2.jar;C:\Users\Tian\.m2\repository\com\fasterxml\jackson\core\jackson-core\2.9.2\jackson-core-2.9.2.jar;C:\Users\Tian\.m2\repository\com\fasterxml\jackson\core\jackson-annotations\2.9.2\jackson-annotations-2.9.2.jar;C:\Users\Tian\.m2\repository\org\apache\yetus\audience-annotations\0.5.0\audience-annotations-0.5.0.jar;C:\Users\Tian\.m2\repository\com\google\collections\google-collections\1.0\google-collections-1.0.jar;C:\Users\Tian\.m2\repository\com\google\code\gson\gson\2.2.4\gson-2.2.4.jar;"/>
    <property name="java.vm.vendor" value="Oracle Corporation"/>
    <property name="sun.arch.data.model" value="64"/>
    <property name="user.variant" value=""/>
    <property name="java.vendor.url" value="http://java.oracle.com/"/>
    <property name="user.timezone" value="America/Denver"/>
    <property name="java.vm.specification.version" value="1.8"/>
    <property name="os.name" value="Windows 10"/>
    <property name="user.country" value="US"/>
    <property name="sun.java.launcher" value="SUN_STANDARD"/>
    <property name="sun.boot.library.path" value="C:\Program Files\Java\jdk1.8.0_201\jre\bin"/>
    <property name="sun.java.command" value="C:\cygwin64\tmp\surefire6510776156128414256\surefirebooter6878548418957325011.jar C:\cygwin64\tmp\surefire6510776156128414256 2019-04-22T13-52-00_439-jvmRun1 surefire109350284597708244tmp surefire_03239784550605823322tmp"/>
    <property name="surefire.test.class.path" value="C:\Users\Tian\Desktop\School\ATLAS INFO\Twingua-master\Twingua\HBase-Uploader\target\test-classes;C:\Users\Tian\Desktop\School\ATLAS INFO\Twingua-master\Twingua\HBase-Uploader\target\classes;C:\Users\Tian\.m2\repository\commons-cli\commons-cli\1.2\commons-cli-1.2.jar;C:\Users\Tian\.m2\repository\org\apache\hbase\hbase-shaded-client\1.3.2\hbase-shaded-client-1.3.2.jar;C:\Users\Tian\.m2\repository\org\apache\htrace\htrace-core\3.1.0-incubating\htrace-core-3.1.0-incubating.jar;C:\Users\Tian\.m2\repository\com\github\stephenc\findbugs\findbugs-annotations\1.3.9-1\findbugs-annotations-1.3.9-1.jar;C:\Users\Tian\.m2\repository\commons-codec\commons-codec\1.4\commons-codec-1.4.jar;C:\Users\Tian\.m2\repository\ch\hsr\geohash\1.3.0\geohash-1.3.0.jar;C:\Users\Tian\.m2\repository\commons-configuration\commons-configuration\1.6\commons-configuration-1.6.jar;C:\Users\Tian\.m2\repository\commons-collections\commons-collections\3.2.1\commons-collections-3.2.1.jar;C:\Users\Tian\.m2\repository\commons-digester\commons-digester\1.8\commons-digester-1.8.jar;C:\Users\Tian\.m2\repository\commons-beanutils\commons-beanutils\1.7.0\commons-beanutils-1.7.0.jar;C:\Users\Tian\.m2\repository\commons-beanutils\commons-beanutils-core\1.8.0\commons-beanutils-core-1.8.0.jar;C:\Users\Tian\.m2\repository\commons-el\commons-el\1.0\commons-el-1.0.jar;C:\Users\Tian\.m2\repository\commons-io\commons-io\2.1\commons-io-2.1.jar;C:\Users\Tian\.m2\repository\commons-lang\commons-lang\2.5\commons-lang-2.5.jar;C:\Users\Tian\.m2\repository\commons-logging\commons-logging\1.1.1\commons-logging-1.1.1.jar;C:\Users\Tian\.m2\repository\commons-net\commons-net\1.4.1\commons-net-1.4.1.jar;C:\Users\Tian\.m2\repository\oro\oro\2.0.8\oro-2.0.8.jar;C:\Users\Tian\.m2\repository\org\apache\hadoop\hadoop-hdfs\2.7.1\hadoop-hdfs-2.7.1.jar;C:\Users\Tian\.m2\repository\org\mortbay\jetty\jetty\6.1.26\jetty-6.1.26.jar;C:\Users\Tian\.m2\repository\org\mortbay\jetty\jetty-util\6.1.26\jetty-util-6.1.26.jar;C:\Users\Tian\.m2\repository\com\sun\jersey\jersey-core\1.9\jersey-core-1.9.jar;C:\Users\Tian\.m2\repository\com\sun\jersey\jersey-server\1.9\jersey-server-1.9.jar;C:\Users\Tian\.m2\repository\asm\asm\3.1\asm-3.1.jar;C:\Users\Tian\.m2\repository\commons-daemon\commons-daemon\1.0.13\commons-daemon-1.0.13.jar;C:\Users\Tian\.m2\repository\javax\servlet\servlet-api\2.5\servlet-api-2.5.jar;C:\Users\Tian\.m2\repository\org\codehaus\jackson\jackson-core-asl\1.9.13\jackson-core-asl-1.9.13.jar;C:\Users\Tian\.m2\repository\org\codehaus\jackson\jackson-mapper-asl\1.9.13\jackson-mapper-asl-1.9.13.jar;C:\Users\Tian\.m2\repository\xmlenc\xmlenc\0.52\xmlenc-0.52.jar;C:\Users\Tian\.m2\repository\io\netty\netty-all\4.0.23.Final\netty-all-4.0.23.Final.jar;C:\Users\Tian\.m2\repository\xerces\xercesImpl\2.9.1\xercesImpl-2.9.1.jar;C:\Users\Tian\.m2\repository\xml-apis\xml-apis\1.3.04\xml-apis-1.3.04.jar;C:\Users\Tian\.m2\repository\org\fusesource\leveldbjni\leveldbjni-all\1.8\leveldbjni-all-1.8.jar;C:\Users\Tian\.m2\repository\org\apache\hadoop\hadoop-common\2.7.1\hadoop-common-2.7.1.jar;C:\Users\Tian\.m2\repository\org\apache\hadoop\hadoop-annotations\2.7.1\hadoop-annotations-2.7.1.jar;C:\Program Files\Java\jdk1.8.0_201\jre\..\lib\tools.jar;C:\Users\Tian\.m2\repository\org\apache\commons\commons-math3\3.1.1\commons-math3-3.1.1.jar;C:\Users\Tian\.m2\repository\commons-httpclient\commons-httpclient\3.1\commons-httpclient-3.1.jar;C:\Users\Tian\.m2\repository\javax\servlet\jsp\jsp-api\2.1\jsp-api-2.1.jar;C:\Users\Tian\.m2\repository\com\sun\jersey\jersey-json\1.9\jersey-json-1.9.jar;C:\Users\Tian\.m2\repository\org\codehaus\jettison\jettison\1.1\jettison-1.1.jar;C:\Users\Tian\.m2\repository\com\sun\xml\bind\jaxb-impl\2.2.3-1\jaxb-impl-2.2.3-1.jar;C:\Users\Tian\.m2\repository\org\codehaus\jackson\jackson-xc\1.8.3\jackson-xc-1.8.3.jar;C:\Users\Tian\.m2\repository\net\java\dev\jets3t\jets3t\0.9.0\jets3t-0.9.0.jar;C:\Users\Tian\.m2\repository\org\apache\httpcomponents\httpclient\4.1.2\httpclient-4.1.2.jar;C:\Users\Tian\.m2\repository\org\apache\httpcomponents\httpcore\4.1.2\httpcore-4.1.2.jar;C:\Users\Tian\.m2\repository\com\jamesmurty\utils\java-xmlbuilder\0.4\java-xmlbuilder-0.4.jar;C:\Users\Tian\.m2\repository\org\apache\avro\avro\1.7.4\avro-1.7.4.jar;C:\Users\Tian\.m2\repository\com\thoughtworks\paranamer\paranamer\2.3\paranamer-2.3.jar;C:\Users\Tian\.m2\repository\org\xerial\snappy\snappy-java\1.0.4.1\snappy-java-1.0.4.1.jar;C:\Users\Tian\.m2\repository\org\apache\hadoop\hadoop-auth\2.7.1\hadoop-auth-2.7.1.jar;C:\Users\Tian\.m2\repository\org\apache\directory\server\apacheds-kerberos-codec\2.0.0-M15\apacheds-kerberos-codec-2.0.0-M15.jar;C:\Users\Tian\.m2\repository\org\apache\directory\server\apacheds-i18n\2.0.0-M15\apacheds-i18n-2.0.0-M15.jar;C:\Users\Tian\.m2\repository\org\apache\directory\api\api-asn1-api\1.0.0-M20\api-asn1-api-1.0.0-M20.jar;C:\Users\Tian\.m2\repository\org\apache\directory\api\api-util\1.0.0-M20\api-util-1.0.0-M20.jar;C:\Users\Tian\.m2\repository\org\apache\curator\curator-framework\2.7.1\curator-framework-2.7.1.jar;C:\Users\Tian\.m2\repository\com\jcraft\jsch\0.1.42\jsch-0.1.42.jar;C:\Users\Tian\.m2\repository\org\apache\curator\curator-client\2.7.1\curator-client-2.7.1.jar;C:\Users\Tian\.m2\repository\org\apache\curator\curator-recipes\2.7.1\curator-recipes-2.7.1.jar;C:\Users\Tian\.m2\repository\com\google\code\findbugs\jsr305\3.0.0\jsr305-3.0.0.jar;C:\Users\Tian\.m2\repository\org\apache\commons\commons-compress\1.4.1\commons-compress-1.4.1.jar;C:\Users\Tian\.m2\repository\org\tukaani\xz\1.0\xz-1.0.jar;C:\Users\Tian\.m2\repository\org\apache\hadoop\hadoop-core\1.2.1\hadoop-core-1.2.1.jar;C:\Users\Tian\.m2\repository\org\apache\commons\commons-math\2.1\commons-math-2.1.jar;C:\Users\Tian\.m2\repository\tomcat\jasper-runtime\5.5.12\jasper-runtime-5.5.12.jar;C:\Users\Tian\.m2\repository\tomcat\jasper-compiler\5.5.12\jasper-compiler-5.5.12.jar;C:\Users\Tian\.m2\repository\org\mortbay\jetty\jsp-api-2.1\6.1.14\jsp-api-2.1-6.1.14.jar;C:\Users\Tian\.m2\repository\org\mortbay\jetty\jsp-2.1\6.1.14\jsp-2.1-6.1.14.jar;C:\Users\Tian\.m2\repository\ant\ant\1.6.5\ant-1.6.5.jar;C:\Users\Tian\.m2\repository\hsqldb\hsqldb\1.8.0.10\hsqldb-1.8.0.10.jar;C:\Users\Tian\.m2\repository\org\eclipse\jdt\core\3.1.1\core-3.1.1.jar;C:\Users\Tian\.m2\repository\org\apache\hadoop\hadoop-client\3.2.0\hadoop-client-3.2.0.jar;C:\Users\Tian\.m2\repository\org\apache\hadoop\hadoop-hdfs-client\3.2.0\hadoop-hdfs-client-3.2.0.jar;C:\Users\Tian\.m2\repository\com\squareup\okhttp\okhttp\2.7.5\okhttp-2.7.5.jar;C:\Users\Tian\.m2\repository\com\squareup\okio\okio\1.6.0\okio-1.6.0.jar;C:\Users\Tian\.m2\repository\org\apache\hadoop\hadoop-yarn-api\3.2.0\hadoop-yarn-api-3.2.0.jar;C:\Users\Tian\.m2\repository\javax\xml\bind\jaxb-api\2.2.11\jaxb-api-2.2.11.jar;C:\Users\Tian\.m2\repository\org\apache\hadoop\hadoop-yarn-client\3.2.0\hadoop-yarn-client-3.2.0.jar;C:\Users\Tian\.m2\repository\org\apache\hadoop\hadoop-mapreduce-client-core\3.2.0\hadoop-mapreduce-client-core-3.2.0.jar;C:\Users\Tian\.m2\repository\org\apache\hadoop\hadoop-yarn-common\3.2.0\hadoop-yarn-common-3.2.0.jar;C:\Users\Tian\.m2\repository\javax\servlet\javax.servlet-api\3.1.0\javax.servlet-api-3.1.0.jar;C:\Users\Tian\.m2\repository\org\eclipse\jetty\jetty-util\9.3.24.v20180605\jetty-util-9.3.24.v20180605.jar;C:\Users\Tian\.m2\repository\com\sun\jersey\jersey-client\1.19\jersey-client-1.19.jar;C:\Users\Tian\.m2\repository\com\fasterxml\jackson\module\jackson-module-jaxb-annotations\2.9.5\jackson-module-jaxb-annotations-2.9.5.jar;C:\Users\Tian\.m2\repository\com\fasterxml\jackson\jaxrs\jackson-jaxrs-json-provider\2.9.5\jackson-jaxrs-json-provider-2.9.5.jar;C:\Users\Tian\.m2\repository\com\fasterxml\jackson\jaxrs\jackson-jaxrs-base\2.9.5\jackson-jaxrs-base-2.9.5.jar;C:\Users\Tian\.m2\repository\org\apache\hadoop\hadoop-mapreduce-client-jobclient\3.2.0\hadoop-mapreduce-client-jobclient-3.2.0.jar;C:\Users\Tian\.m2\repository\org\apache\hadoop\hadoop-mapreduce-client-common\3.2.0\hadoop-mapreduce-client-common-3.2.0.jar;C:\Users\Tian\.m2\repository\log4j\log4j\1.2.16\log4j-1.2.16.jar;C:\Users\Tian\.m2\repository\org\apache\poi\poi\3.9\poi-3.9.jar;C:\Users\Tian\.m2\repository\com\google\protobuf\protobuf-java\2.4.0a\protobuf-java-2.4.0a.jar;C:\Users\Tian\.m2\repository\org\slf4j\slf4j-api\1.6.1\slf4j-api-1.6.1.jar;C:\Users\Tian\.m2\repository\org\slf4j\slf4j-log4j12\1.6.1\slf4j-log4j12-1.6.1.jar;C:\Users\Tian\.m2\repository\org\apache\zookeeper\zookeeper\3.3.3\zookeeper-3.3.3.jar;C:\Users\Tian\.m2\repository\jline\jline\0.9.94\jline-0.9.94.jar;C:\Users\Tian\.m2\repository\com\google\guava\guava\r05\guava-r05.jar;C:\Users\Tian\.m2\repository\junit\junit\4.12\junit-4.12.jar;C:\Users\Tian\.m2\repository\org\hamcrest\hamcrest-core\1.3\hamcrest-core-1.3.jar;C:\Users\Tian\.m2\repository\org\apache\hbase\hbase-client\1.3.2\hbase-client-1.3.2.jar;C:\Users\Tian\.m2\repository\org\apache\hbase\hbase-annotations\1.3.2\hbase-annotations-1.3.2.jar;C:\Users\Tian\.m2\repository\org\jruby\jcodings\jcodings\1.0.8\jcodings-1.0.8.jar;C:\Users\Tian\.m2\repository\org\jruby\joni\joni\2.1.2\joni-2.1.2.jar;C:\Users\Tian\.m2\repository\com\yammer\metrics\metrics-core\2.2.0\metrics-core-2.2.0.jar;C:\Users\Tian\.m2\repository\org\apache\hbase\hbase-server\1.3.2\hbase-server-1.3.2.jar;C:\Users\Tian\.m2\repository\org\apache\hbase\hbase-procedure\1.3.2\hbase-procedure-1.3.2.jar;C:\Users\Tian\.m2\repository\org\apache\hbase\hbase-common\1.3.2\hbase-common-1.3.2-tests.jar;C:\Users\Tian\.m2\repository\org\apache\hbase\hbase-prefix-tree\1.3.2\hbase-prefix-tree-1.3.2.jar;C:\Users\Tian\.m2\repository\org\mortbay\jetty\jetty-sslengine\6.1.26\jetty-sslengine-6.1.26.jar;C:\Users\Tian\.m2\repository\org\mortbay\jetty\servlet-api-2.5\6.1.14\servlet-api-2.5-6.1.14.jar;C:\Users\Tian\.m2\repository\org\codehaus\jackson\jackson-jaxrs\1.9.13\jackson-jaxrs-1.9.13.jar;C:\Users\Tian\.m2\repository\org\jamon\jamon-runtime\2.4.1\jamon-runtime-2.4.1.jar;C:\Users\Tian\.m2\repository\com\lmax\disruptor\3.3.0\disruptor-3.3.0.jar;C:\Users\Tian\.m2\repository\org\apache\hbase\hbase-hadoop-compat\1.3.2\hbase-hadoop-compat-1.3.2.jar;C:\Users\Tian\.m2\repository\org\apache\hbase\hbase-protocol\1.3.2\hbase-protocol-1.3.2.jar;C:\Users\Tian\.m2\repository\org\apache\hbase\hbase-hadoop2-compat\1.3.2\hbase-hadoop2-compat-1.3.2.jar;C:\Users\Tian\.m2\repository\org\apache\hbase\hbase-common\1.3.2\hbase-common-1.3.2.jar;C:\Users\Tian\.m2\repository\org\apache\hbase\hbase-mapreduce\2.1.4\hbase-mapreduce-2.1.4.jar;C:\Users\Tian\.m2\repository\org\apache\hbase\thirdparty\hbase-shaded-miscellaneous\2.1.0\hbase-shaded-miscellaneous-2.1.0.jar;C:\Users\Tian\.m2\repository\org\apache\hbase\thirdparty\hbase-shaded-netty\2.1.0\hbase-shaded-netty-2.1.0.jar;C:\Users\Tian\.m2\repository\org\apache\hbase\thirdparty\hbase-shaded-protobuf\2.1.0\hbase-shaded-protobuf-2.1.0.jar;C:\Users\Tian\.m2\repository\org\apache\hbase\hbase-zookeeper\2.1.4\hbase-zookeeper-2.1.4.jar;C:\Users\Tian\.m2\repository\org\apache\hbase\hbase-protocol-shaded\2.1.4\hbase-protocol-shaded-2.1.4.jar;C:\Users\Tian\.m2\repository\org\apache\hbase\hbase-metrics\2.1.4\hbase-metrics-2.1.4.jar;C:\Users\Tian\.m2\repository\org\apache\hbase\hbase-metrics-api\2.1.4\hbase-metrics-api-2.1.4.jar;C:\Users\Tian\.m2\repository\io\dropwizard\metrics\metrics-core\3.2.1\metrics-core-3.2.1.jar;C:\Users\Tian\.m2\repository\org\apache\htrace\htrace-core4\4.2.0-incubating\htrace-core4-4.2.0-incubating.jar;C:\Users\Tian\.m2\repository\org\apache\hbase\hbase-replication\2.1.4\hbase-replication-2.1.4.jar;C:\Users\Tian\.m2\repository\org\apache\commons\commons-lang3\3.6\commons-lang3-3.6.jar;C:\Users\Tian\.m2\repository\com\fasterxml\jackson\core\jackson-databind\2.9.2\jackson-databind-2.9.2.jar;C:\Users\Tian\.m2\repository\com\fasterxml\jackson\core\jackson-core\2.9.2\jackson-core-2.9.2.jar;C:\Users\Tian\.m2\repository\com\fasterxml\jackson\core\jackson-annotations\2.9.2\jackson-annotations-2.9.2.jar;C:\Users\Tian\.m2\repository\org\apache\yetus\audience-annotations\0.5.0\audience-annotations-0.5.0.jar;C:\Users\Tian\.m2\repository\com\google\collections\google-collections\1.0\google-collections-1.0.jar;C:\Users\Tian\.m2\repository\com\google\code\gson\gson\2.2.4\gson-2.2.4.jar;"/>
    <property name="sun.cpu.endian" value="little"/>
    <property name="user.home" value="C:\Users\Tian"/>
    <property name="user.language" value="en"/>
    <property name="java.specification.vendor" value="Oracle Corporation"/>
    <property name="java.home" value="C:\Program Files\Java\jdk1.8.0_201\jre"/>
    <property name="basedir" value="C:\Users\Tian\Desktop\School\ATLAS INFO\Twingua-master\Twingua\HBase-Uploader"/>
    <property name="file.separator" value="\"/>
    <property name="line.separator" value="&#10;"/>
    <property name="java.vm.specification.vendor" value="Oracle Corporation"/>
    <property name="java.specification.name" value="Java Platform API Specification"/>
    <property name="java.awt.graphicsenv" value="sun.awt.Win32GraphicsEnvironment"/>
    <property name="surefire.real.class.path" value="C:\cygwin64\tmp\surefire6510776156128414256\surefirebooter6878548418957325011.jar"/>
    <property name="sun.boot.class.path" value="C:\Program Files\Java\jdk1.8.0_201\jre\lib\resources.jar;C:\Program Files\Java\jdk1.8.0_201\jre\lib\rt.jar;C:\Program Files\Java\jdk1.8.0_201\jre\lib\sunrsasign.jar;C:\Program Files\Java\jdk1.8.0_201\jre\lib\jsse.jar;C:\Program Files\Java\jdk1.8.0_201\jre\lib\jce.jar;C:\Program Files\Java\jdk1.8.0_201\jre\lib\charsets.jar;C:\Program Files\Java\jdk1.8.0_201\jre\lib\jfr.jar;C:\Program Files\Java\jdk1.8.0_201\jre\classes"/>
    <property name="user.script" value=""/>
    <property name="sun.management.compiler" value="HotSpot 64-Bit Tiered Compilers"/>
    <property name="java.runtime.version" value="1.8.0_201-b09"/>
    <property name="user.name" value="Tian"/>
    <property name="path.separator" value=";"/>
    <property name="os.version" value="10.0"/>
    <property name="java.endorsed.dirs" value="C:\Program Files\Java\jdk1.8.0_201\jre\lib\endorsed"/>
    <property name="java.runtime.name" value="Java(TM) SE Runtime Environment"/>
    <property name="file.encoding" value="Cp1252"/>
    <property name="java.vm.name" value="Java HotSpot(TM) 64-Bit Server VM"/>
    <property name="localRepository" value="C:\Users\Tian\.m2\repository"/>
    <property name="java.vendor.url.bug" value="http://bugreport.sun.com/bugreport/"/>
    <property name="java.io.tmpdir" value="C:\cygwin64\tmp\"/>
    <property name="java.version" value="1.8.0_201"/>
    <property name="user.dir" value="C:\Users\Tian\Desktop\School\ATLAS INFO\Twingua-master\Twingua\HBase-Uploader"/>
    <property name="os.arch" value="amd64"/>
    <property name="java.vm.specification.name" value="Java Virtual Machine Specification"/>
    <property name="java.awt.printerjob" value="sun.awt.windows.WPrinterJob"/>
    <property name="sun.os.patch.level" value=""/>
    <property name="java.library.path" value="C:\Program Files\Java\jdk1.8.0_201\jre\bin;C:\WINDOWS\Sun\Java\bin;C:\WINDOWS\system32;C:\WINDOWS;C:\cygwin64\usr\local\bin;C:\cygwin64\bin;C:\Program Files (x86)\Common Files\Oracle\Java\javapath;C:\ProgramData\Oracle\Java\javapath;C:\Program Files (x86)\Intel\iCLS Client;C:\Program Files\Intel\iCLS Client;C:\WINDOWS\system32;C:\WINDOWS;C:\WINDOWS\System32\Wbem;C:\WINDOWS\System32\WindowsPowerShell\v1.0;C:\Program Files\Intel\Intel(R) Management Engine Components\DAL;C:\Program Files\Intel\Intel(R) Management Engine Components\IPT;C:\Program Files (x86)\Intel\Intel(R) Management Engine Components\DAL;C:\Program Files (x86)\Intel\Intel(R) Management Engine Components\IPT;C:\Program Files (x86)\Java\jre7\bin ; C;C:\cygwin64\Program Files (x86)\Intel\OpenCL SDK\3.0\bin\x86;C:\Program Files (x86)\Intel\OpenCL SDK\3.0\bin\x64;C:\Program Files (x86)\Windows Live\Shared;C:\Program Files\Intel\WiFi\bin;C:\Program Files\Common Files\Intel\WirelessCommon;C:\Program Files\Java\jdk1.7.0_45\bin;C:\Program Files (x86)\PharosSystems\Core;C:\Strawberry\c\bin;C:\Strawberry\perl\site\bin;C:\Strawberry\perl\bin;C:\TDM-GCC-64\bin;C:\WINDOWS\System32\OpenSSH;C:\Program Files\MATLAB\R2018b\bin;C:\Users\Tian\Anaconda3;C:\Users\Tian\Anaconda3\Library\mingw-w64\bin;C:\Users\Tian\Anaconda3\Library\usr\bin;C:\Users\Tian\Anaconda3\Library\bin;C:\Users\Tian\Anaconda3\Scripts;C:\ProgramData\Oracle\Java\javapath;C:\Program Files (x86)\Intel\iCLS Client;C:\Program Files\Intel\iCLS Client;C:\WINDOWS\system32;C:\WINDOWS;C:\WINDOWS\System32\Wbem;C:\WINDOWS\System32\WindowsPowerShell\v1.0;C:\Program Files\Intel\Intel(R) Management Engine Components\DAL;C:\Program Files\Intel\Intel(R) Management Engine Components\IPT;C:\Program Files (x86)\Intel\Intel(R) Management Engine Components\DAL;C:\Program Files (x86)\Intel\Intel(R) Management Engine Components\IPT;C:\Program Files (x86)\Java\jre7\bin;C:\Program Files (x86)\Intel\OpenCL SDK\3.0\bin\x86;C:\Program Files (x86)\Intel\OpenCL SDK\3.0\bin\x64;C:\Program Files (x86)\Windows Live\Shared;C:\Program Files\Intel\WiFi\bin;C:\Program Files\Common Files\Intel\WirelessCommon;C:\Program Files\Java\jdk1.7.0_45\bin;C:\Program Files (x86)\PharosSystems\Core;C:\Strawberry\c\bin;C:\Strawberry\perl\site\bin;C:\Strawberry\perl\bin;C:\TDM-GCC-64\bin;C:\Program Files\MATLAB\R2017a\bin;C:\Users\Tian\AppData\Local\Microsoft\WindowsApps;C:\Users\Tia;C:\Users\Tian\AppData\Local\Microsoft\WindowsApps;C:\Users\Tian\AppData\Local\Programs\Microsoft VS Code\bin;C:\Users\Tian\Desktop\School\ATLAS INFO\apache-maven-3.6.0\bin;C:\Users\Tian\AppData\Local\Google\Cloud SDK\google-cloud-sdk\bin;C:\cygwin64\lib\lapack;."/>
    <property name="java.vm.info" value="mixed mode"/>
    <property name="java.vendor" value="Oracle Corporation"/>
    <property name="java.vm.version" value="25.201-b09"/>
    <property name="java.ext.dirs" value="C:\Program Files\Java\jdk1.8.0_201\jre\lib\ext;C:\WINDOWS\Sun\Java\lib\ext"/>
    <property name="sun.io.unicode.encoding" value="UnicodeLittle"/>
    <property name="java.class.version" value="52.0"/>
  </properties>
  <testcase name="shouldAnswerWithTrue" classname="com.twing.app.AppTest" time="0.015"/>
</testsuite>